This is pdfTeX, Version 3.141592653-2.6-1.40.26 (TeX Live 2024) (preloaded format=pdflatex 2025.3.10)  14 MAY 2025 12:58
entering extended mode
 restricted \write18 enabled.
 %&-line parsing enabled.
**document.tex
(./document.tex
LaTeX2e <2023-11-01> patch level 1
L3 programming layer <2024-02-20>
(/usr/local/texlive/2024/texmf-dist/tex/latex/base/report.cls
Document Class: report 2023/05/17 v1.4n Standard LaTeX document class
(/usr/local/texlive/2024/texmf-dist/tex/latex/base/size10.clo
File: size10.clo 2023/05/17 v1.4n Standard LaTeX file (size option)
)
\c@part=\count188
\c@chapter=\count189
\c@section=\count190
\c@subsection=\count191
\c@subsubsection=\count192
\c@paragraph=\count193
\c@subparagraph=\count194
\c@figure=\count195
\c@table=\count196
\abovecaptionskip=\skip48
\belowcaptionskip=\skip49
\bibindent=\dimen140
)
(./skesrsstyles.sty
(/usr/local/texlive/2024/texmf-dist/tex/latex/geometry/geometry.sty
Package: geometry 2020/01/02 v5.9 Page Geometry

(/usr/local/texlive/2024/texmf-dist/tex/latex/graphics/keyval.sty
Package: keyval 2022/05/29 v1.15 key=value parser (DPC)
\KV@toks@=\toks17
)
(/usr/local/texlive/2024/texmf-dist/tex/generic/iftex/ifvtex.sty
Package: ifvtex 2019/10/25 v1.7 ifvtex legacy package. Use iftex instead.

(/usr/local/texlive/2024/texmf-dist/tex/generic/iftex/iftex.sty
Package: iftex 2022/02/03 v1.0f TeX engine tests
))
\Gm@cnth=\count197
\Gm@cntv=\count198
\c@Gm@tempcnt=\count199
\Gm@bindingoffset=\dimen141
\Gm@wd@mp=\dimen142
\Gm@odd@mp=\dimen143
\Gm@even@mp=\dimen144
\Gm@layoutwidth=\dimen145
\Gm@layoutheight=\dimen146
\Gm@layouthoffset=\dimen147
\Gm@layoutvoffset=\dimen148
\Gm@dimlist=\toks18
)
(/usr/local/texlive/2024/texmf-dist/tex/latex/fancyhdr/fancyhdr.sty
Package: fancyhdr 2022/11/09 v4.1 Extensive control of page headers and footers

\f@nch@headwidth=\skip50
\f@nch@O@elh=\skip51
\f@nch@O@erh=\skip52
\f@nch@O@olh=\skip53
\f@nch@O@orh=\skip54
\f@nch@O@elf=\skip55
\f@nch@O@erf=\skip56
\f@nch@O@olf=\skip57
\f@nch@O@orf=\skip58
))
(/usr/local/texlive/2024/texmf-dist/tex/latex/base/inputenc.sty
Package: inputenc 2021/02/14 v1.3d Input encoding file
\inpenc@prehook=\toks19
\inpenc@posthook=\toks20
)
(/usr/local/texlive/2024/texmf-dist/tex/latex/base/fontenc.sty
Package: fontenc 2021/04/29 v2.0v Standard LaTeX package
)
(/usr/local/texlive/2024/texmf-dist/tex/latex/psnfss/mathptmx.sty
Package: mathptmx 2020/03/25 PSNFSS-v9.3 Times w/ Math, improved (SPQR, WaS) 
LaTeX Font Info:    Redeclaring symbol font `operators' on input line 28.
LaTeX Font Info:    Overwriting symbol font `operators' in version `normal'
(Font)                  OT1/cmr/m/n --> OT1/ztmcm/m/n on input line 28.
LaTeX Font Info:    Overwriting symbol font `operators' in version `bold'
(Font)                  OT1/cmr/bx/n --> OT1/ztmcm/m/n on input line 28.
LaTeX Font Info:    Redeclaring symbol font `letters' on input line 29.
LaTeX Font Info:    Overwriting symbol font `letters' in version `normal'
(Font)                  OML/cmm/m/it --> OML/ztmcm/m/it on input line 29.
LaTeX Font Info:    Overwriting symbol font `letters' in version `bold'
(Font)                  OML/cmm/b/it --> OML/ztmcm/m/it on input line 29.
LaTeX Font Info:    Redeclaring symbol font `symbols' on input line 30.
LaTeX Font Info:    Overwriting symbol font `symbols' in version `normal'
(Font)                  OMS/cmsy/m/n --> OMS/ztmcm/m/n on input line 30.
LaTeX Font Info:    Overwriting symbol font `symbols' in version `bold'
(Font)                  OMS/cmsy/b/n --> OMS/ztmcm/m/n on input line 30.
LaTeX Font Info:    Redeclaring symbol font `largesymbols' on input line 31.
LaTeX Font Info:    Overwriting symbol font `largesymbols' in version `normal'
(Font)                  OMX/cmex/m/n --> OMX/ztmcm/m/n on input line 31.
LaTeX Font Info:    Overwriting symbol font `largesymbols' in version `bold'
(Font)                  OMX/cmex/m/n --> OMX/ztmcm/m/n on input line 31.
\symbold=\mathgroup4
\symitalic=\mathgroup5
LaTeX Font Info:    Redeclaring math alphabet \mathbf on input line 34.
LaTeX Font Info:    Overwriting math alphabet `\mathbf' in version `normal'
(Font)                  OT1/cmr/bx/n --> OT1/ptm/bx/n on input line 34.
LaTeX Font Info:    Overwriting math alphabet `\mathbf' in version `bold'
(Font)                  OT1/cmr/bx/n --> OT1/ptm/bx/n on input line 34.
LaTeX Font Info:    Redeclaring math alphabet \mathit on input line 35.
LaTeX Font Info:    Overwriting math alphabet `\mathit' in version `normal'
(Font)                  OT1/cmr/m/it --> OT1/ptm/m/it on input line 35.
LaTeX Font Info:    Overwriting math alphabet `\mathit' in version `bold'
(Font)                  OT1/cmr/bx/it --> OT1/ptm/m/it on input line 35.
LaTeX Info: Redefining \hbar on input line 50.
)
(/usr/local/texlive/2024/texmf-dist/tex/latex/hyperref/hyperref.sty
Package: hyperref 2024-01-20 v7.01h Hypertext links for LaTeX

(/usr/local/texlive/2024/texmf-dist/tex/latex/kvsetkeys/kvsetkeys.sty
Package: kvsetkeys 2022-10-05 v1.19 Key value parser (HO)
)
(/usr/local/texlive/2024/texmf-dist/tex/generic/kvdefinekeys/kvdefinekeys.sty
Package: kvdefinekeys 2019-12-19 v1.6 Define keys (HO)
)
(/usr/local/texlive/2024/texmf-dist/tex/generic/pdfescape/pdfescape.sty
Package: pdfescape 2019/12/09 v1.15 Implements pdfTeX's escape features (HO)

(/usr/local/texlive/2024/texmf-dist/tex/generic/ltxcmds/ltxcmds.sty
Package: ltxcmds 2023-12-04 v1.26 LaTeX kernel commands for general use (HO)
)
(/usr/local/texlive/2024/texmf-dist/tex/generic/pdftexcmds/pdftexcmds.sty
Package: pdftexcmds 2020-06-27 v0.33 Utility functions of pdfTeX for LuaTeX (HO
)

(/usr/local/texlive/2024/texmf-dist/tex/generic/infwarerr/infwarerr.sty
Package: infwarerr 2019/12/03 v1.5 Providing info/warning/error messages (HO)
)
Package pdftexcmds Info: \pdf@primitive is available.
Package pdftexcmds Info: \pdf@ifprimitive is available.
Package pdftexcmds Info: \pdfdraftmode found.
))
(/usr/local/texlive/2024/texmf-dist/tex/latex/hycolor/hycolor.sty
Package: hycolor 2020-01-27 v1.10 Color options for hyperref/bookmark (HO)
)
(/usr/local/texlive/2024/texmf-dist/tex/latex/auxhook/auxhook.sty
Package: auxhook 2019-12-17 v1.6 Hooks for auxiliary files (HO)
)
(/usr/local/texlive/2024/texmf-dist/tex/latex/hyperref/nameref.sty
Package: nameref 2023-11-26 v2.56 Cross-referencing by name of section

(/usr/local/texlive/2024/texmf-dist/tex/latex/refcount/refcount.sty
Package: refcount 2019/12/15 v3.6 Data extraction from label references (HO)
)
(/usr/local/texlive/2024/texmf-dist/tex/generic/gettitlestring/gettitlestring.s
ty
Package: gettitlestring 2019/12/15 v1.6 Cleanup title references (HO)
 (/usr/local/texlive/2024/texmf-dist/tex/latex/kvoptions/kvoptions.sty
Package: kvoptions 2022-06-15 v3.15 Key value format for package options (HO)
))
\c@section@level=\count266
)
(/usr/local/texlive/2024/texmf-dist/tex/latex/etoolbox/etoolbox.sty
Package: etoolbox 2020/10/05 v2.5k e-TeX tools for LaTeX (JAW)
\etb@tempcnta=\count267
)
\@linkdim=\dimen149
\Hy@linkcounter=\count268
\Hy@pagecounter=\count269

(/usr/local/texlive/2024/texmf-dist/tex/latex/hyperref/pd1enc.def
File: pd1enc.def 2024-01-20 v7.01h Hyperref: PDFDocEncoding definition (HO)
Now handling font encoding PD1 ...
... no UTF-8 mapping file for font encoding PD1
)
(/usr/local/texlive/2024/texmf-dist/tex/generic/intcalc/intcalc.sty
Package: intcalc 2019/12/15 v1.3 Expandable calculations with integers (HO)
)
\Hy@SavedSpaceFactor=\count270

(/usr/local/texlive/2024/texmf-dist/tex/latex/hyperref/puenc.def
File: puenc.def 2024-01-20 v7.01h Hyperref: PDF Unicode definition (HO)
Now handling font encoding PU ...
... no UTF-8 mapping file for font encoding PU
)
Package hyperref Info: Hyper figures OFF on input line 4179.
Package hyperref Info: Link nesting OFF on input line 4184.
Package hyperref Info: Hyper index ON on input line 4187.
Package hyperref Info: Plain pages OFF on input line 4194.
Package hyperref Info: Backreferencing OFF on input line 4199.
Package hyperref Info: Implicit mode ON; LaTeX internals redefined.
Package hyperref Info: Bookmarks ON on input line 4446.
\c@Hy@tempcnt=\count271

(/usr/local/texlive/2024/texmf-dist/tex/latex/url/url.sty
\Urlmuskip=\muskip16
Package: url 2013/09/16  ver 3.4  Verb mode for urls, etc.
)
LaTeX Info: Redefining \url on input line 4784.
\XeTeXLinkMargin=\dimen150

(/usr/local/texlive/2024/texmf-dist/tex/generic/bitset/bitset.sty
Package: bitset 2019/12/09 v1.3 Handle bit-vector datatype (HO)

(/usr/local/texlive/2024/texmf-dist/tex/generic/bigintcalc/bigintcalc.sty
Package: bigintcalc 2019/12/15 v1.5 Expandable calculations on big integers (HO
)
))
\Fld@menulength=\count272
\Field@Width=\dimen151
\Fld@charsize=\dimen152
Package hyperref Info: Hyper figures OFF on input line 6063.
Package hyperref Info: Link nesting OFF on input line 6068.
Package hyperref Info: Hyper index ON on input line 6071.
Package hyperref Info: backreferencing OFF on input line 6078.
Package hyperref Info: Link coloring OFF on input line 6083.
Package hyperref Info: Link coloring with OCG OFF on input line 6088.
Package hyperref Info: PDF/A mode OFF on input line 6093.

(/usr/local/texlive/2024/texmf-dist/tex/latex/base/atbegshi-ltx.sty
Package: atbegshi-ltx 2021/01/10 v1.0c Emulation of the original atbegshi
package with kernel methods
)
\Hy@abspage=\count273
\c@Item=\count274
\c@Hfootnote=\count275
)
Package hyperref Info: Driver (autodetected): hpdftex.

(/usr/local/texlive/2024/texmf-dist/tex/latex/hyperref/hpdftex.def
File: hpdftex.def 2024-01-20 v7.01h Hyperref driver for pdfTeX

(/usr/local/texlive/2024/texmf-dist/tex/latex/base/atveryend-ltx.sty
Package: atveryend-ltx 2020/08/19 v1.0a Emulation of the original atveryend pac
kage
with kernel methods
)
\Fld@listcount=\count276
\c@bookmark@seq@number=\count277

(/usr/local/texlive/2024/texmf-dist/tex/latex/rerunfilecheck/rerunfilecheck.sty
Package: rerunfilecheck 2022-07-10 v1.10 Rerun checks for auxiliary files (HO)

(/usr/local/texlive/2024/texmf-dist/tex/generic/uniquecounter/uniquecounter.sty
Package: uniquecounter 2019/12/15 v1.4 Provide unlimited unique counter (HO)
)
Package uniquecounter Info: New unique counter `rerunfilecheck' on input line 2
85.
)
\Hy@SectionHShift=\skip59
) (/usr/local/texlive/2024/texmf-dist/tex/latex/microtype/microtype.sty
Package: microtype 2023/03/13 v3.1a Micro-typographical refinements (RS)
\MT@toks=\toks21
\MT@tempbox=\box51
\MT@count=\count278
LaTeX Info: Redefining \noprotrusionifhmode on input line 1059.
LaTeX Info: Redefining \leftprotrusion on input line 1060.
\MT@prot@toks=\toks22
LaTeX Info: Redefining \rightprotrusion on input line 1078.
LaTeX Info: Redefining \textls on input line 1368.
\MT@outer@kern=\dimen153
LaTeX Info: Redefining \textmicrotypecontext on input line 1988.
\MT@listname@count=\count279

(/usr/local/texlive/2024/texmf-dist/tex/latex/microtype/microtype-pdftex.def
File: microtype-pdftex.def 2023/03/13 v3.1a Definitions specific to pdftex (RS)

LaTeX Info: Redefining \lsstyle on input line 902.
LaTeX Info: Redefining \lslig on input line 902.
\MT@outer@space=\skip60
)
Package microtype Info: Loading configuration file microtype.cfg.

(/usr/local/texlive/2024/texmf-dist/tex/latex/microtype/microtype.cfg
File: microtype.cfg 2023/03/13 v3.1a microtype main configuration file (RS)
))
(/usr/local/texlive/2024/texmf-dist/tex/latex/cleveref/cleveref.sty
Package: cleveref 2018/03/27 v0.21.4 Intelligent cross-referencing
Package cleveref Info: `hyperref' support loaded on input line 2370.
LaTeX Info: Redefining \cref on input line 2370.
LaTeX Info: Redefining \Cref on input line 2370.
LaTeX Info: Redefining \crefrange on input line 2370.
LaTeX Info: Redefining \Crefrange on input line 2370.
LaTeX Info: Redefining \cpageref on input line 2370.
LaTeX Info: Redefining \Cpageref on input line 2370.
LaTeX Info: Redefining \cpagerefrange on input line 2370.
LaTeX Info: Redefining \Cpagerefrange on input line 2370.
LaTeX Info: Redefining \labelcref on input line 2370.
LaTeX Info: Redefining \labelcpageref on input line 2370.
)
(/usr/local/texlive/2024/texmf-dist/tex/latex/graphics/graphicx.sty
Package: graphicx 2021/09/16 v1.2d Enhanced LaTeX Graphics (DPC,SPQR)

(/usr/local/texlive/2024/texmf-dist/tex/latex/graphics/graphics.sty
Package: graphics 2022/03/10 v1.4e Standard LaTeX Graphics (DPC,SPQR)

(/usr/local/texlive/2024/texmf-dist/tex/latex/graphics/trig.sty
Package: trig 2021/08/11 v1.11 sin cos tan (DPC)
)
(/usr/local/texlive/2024/texmf-dist/tex/latex/graphics-cfg/graphics.cfg
File: graphics.cfg 2016/06/04 v1.11 sample graphics configuration
)
Package graphics Info: Driver file: pdftex.def on input line 107.

(/usr/local/texlive/2024/texmf-dist/tex/latex/graphics-def/pdftex.def
File: pdftex.def 2022/09/22 v1.2b Graphics/color driver for pdftex
))
\Gin@req@height=\dimen154
\Gin@req@width=\dimen155
)
(/usr/local/texlive/2024/texmf-dist/tex/latex/tools/tabularx.sty
Package: tabularx 2023/07/08 v2.11c `tabularx' package (DPC)

(/usr/local/texlive/2024/texmf-dist/tex/latex/tools/array.sty
Package: array 2023/10/16 v2.5g Tabular extension package (FMi)
\col@sep=\dimen156
\ar@mcellbox=\box52
\extrarowheight=\dimen157
\NC@list=\toks23
\extratabsurround=\skip61
\backup@length=\skip62
\ar@cellbox=\box53
)
\TX@col@width=\dimen158
\TX@old@table=\dimen159
\TX@old@col=\dimen160
\TX@target=\dimen161
\TX@delta=\dimen162
\TX@cols=\count280
\TX@ftn=\toks24
)
(/usr/local/texlive/2024/texmf-dist/tex/latex/tools/indentfirst.sty
Package: indentfirst 2023/07/02 v1.03 Indent first paragraph (DPC)
)
(/usr/local/texlive/2024/texmf-dist/tex/latex/enumitem/enumitem.sty
Package: enumitem 2019/06/20 v3.9 Customized lists
\labelindent=\skip63
\enit@outerparindent=\dimen163
\enit@toks=\toks25
\enit@inbox=\box54
\enit@count@id=\count281
\enitdp@description=\count282
)
LaTeX Font Info:    Trying to load font information for T1+ptm on input line 36
.

(/usr/local/texlive/2024/texmf-dist/tex/latex/psnfss/t1ptm.fd
File: t1ptm.fd 2001/06/04 font definitions for T1/ptm.
)
(/usr/local/texlive/2024/texmf-dist/tex/latex/l3backend/l3backend-pdftex.def
File: l3backend-pdftex.def 2024-02-20 L3 backend support: PDF output (pdfTeX)
\l__color_backend_stack_int=\count283
\l__pdf_internal_box=\box55
)
(./document.aux (./partials/cover.aux) (./partials/innercover.aux)
(./body/abstract.aux) (./body/acknowledgement.aux) (./body/introduction.aux)
(./body/relatedworks.aux) (./body/requirementanalysis.aux)
(./body/softwarearchitecture.aux) (./body/aicomponent.aux)
(./body/softwaredevelopment.aux) (./body/deliverable.aux)
(./body/discussion.aux) (./body/appendices.aux))
\openout1 = `document.aux'.

LaTeX Font Info:    Checking defaults for OML/cmm/m/it on input line 36.
LaTeX Font Info:    ... okay on input line 36.
LaTeX Font Info:    Checking defaults for OMS/cmsy/m/n on input line 36.
LaTeX Font Info:    ... okay on input line 36.
LaTeX Font Info:    Checking defaults for OT1/cmr/m/n on input line 36.
LaTeX Font Info:    ... okay on input line 36.
LaTeX Font Info:    Checking defaults for T1/cmr/m/n on input line 36.
LaTeX Font Info:    ... okay on input line 36.
LaTeX Font Info:    Checking defaults for TS1/cmr/m/n on input line 36.
LaTeX Font Info:    ... okay on input line 36.
LaTeX Font Info:    Checking defaults for OMX/cmex/m/n on input line 36.
LaTeX Font Info:    ... okay on input line 36.
LaTeX Font Info:    Checking defaults for U/cmr/m/n on input line 36.
LaTeX Font Info:    ... okay on input line 36.
LaTeX Font Info:    Checking defaults for PD1/pdf/m/n on input line 36.
LaTeX Font Info:    ... okay on input line 36.
LaTeX Font Info:    Checking defaults for PU/pdf/m/n on input line 36.
LaTeX Font Info:    ... okay on input line 36.

*geometry* driver: auto-detecting
*geometry* detected driver: pdftex
*geometry* verbose mode - [ preamble ] result:
* driver: pdftex
* paper: a4paper
* layout: <same size as paper>
* layoutoffset:(h,v)=(0.0pt,0.0pt)
* modes: 
* h-part:(L,W,R)=(89.62709pt, 418.25368pt, 89.6271pt)
* v-part:(T,H,B)=(101.40665pt, 591.5302pt, 152.11pt)
* \paperwidth=597.50787pt
* \paperheight=845.04684pt
* \textwidth=418.25368pt
* \textheight=591.5302pt
* \oddsidemargin=17.3571pt
* \evensidemargin=17.3571pt
* \topmargin=-7.86334pt
* \headheight=12.0pt
* \headsep=25.0pt
* \topskip=10.0pt
* \footskip=30.0pt
* \marginparwidth=65.0pt
* \marginparsep=11.0pt
* \columnsep=10.0pt
* \skip\footins=9.0pt plus 4.0pt minus 2.0pt
* \hoffset=0.0pt
* \voffset=0.0pt
* \mag=1000
* \@twocolumnfalse
* \@twosidefalse
* \@mparswitchfalse
* \@reversemarginfalse
* (1in=72.27pt=25.4mm, 1cm=28.453pt)

*geometry* verbose mode - [ newgeometry ] result:
* driver: pdftex
* paper: a4paper
* layout: <same size as paper>
* layoutoffset:(h,v)=(0.0pt,0.0pt)
* modes: 
* h-part:(L,W,R)=(108.405pt, 416.83289pt, 72.26999pt)
* v-part:(T,H,B)=(108.405pt, 664.37186pt, 72.26999pt)
* \paperwidth=597.50787pt
* \paperheight=845.04684pt
* \textwidth=416.83289pt
* \textheight=664.37186pt
* \oddsidemargin=36.13501pt
* \evensidemargin=36.13501pt
* \topmargin=-0.86499pt
* \headheight=12.0pt
* \headsep=25.0pt
* \topskip=10.0pt
* \footskip=30.0pt
* \marginparwidth=65.0pt
* \marginparsep=11.0pt
* \columnsep=10.0pt
* \skip\footins=9.0pt plus 4.0pt minus 2.0pt
* \hoffset=0.0pt
* \voffset=0.0pt
* \mag=1000
* \@twocolumnfalse
* \@twosidefalse
* \@mparswitchfalse
* \@reversemarginfalse
* (1in=72.27pt=25.4mm, 1cm=28.453pt)

\big@size=\dimen164
Package hyperref Info: Link coloring OFF on input line 36.
(./document.out) (./document.out)
\@outlinefile=\write3
\openout3 = `document.out'.

LaTeX Info: Redefining \microtypecontext on input line 36.
Package microtype Info: Applying patch `item' on input line 36.
Package microtype Info: Applying patch `toc' on input line 36.
Package microtype Info: Applying patch `eqnum' on input line 36.
Package microtype Info: Applying patch `footnote' on input line 36.
Package microtype Info: Applying patch `verbatim' on input line 36.
Package microtype Info: Generating PDF output.
Package microtype Info: Character protrusion enabled (level 2).
Package microtype Info: Using default protrusion set `alltext'.
Package microtype Info: Automatic font expansion enabled (level 2),
(microtype)             stretch: 20, shrink: 20, step: 1, non-selected.
Package microtype Info: Using default expansion set `alltext-nott'.
LaTeX Info: Redefining \showhyphens on input line 36.
Package microtype Info: No adjustment of tracking.
Package microtype Info: No adjustment of interword spacing.
Package microtype Info: No adjustment of character kerning.

(/usr/local/texlive/2024/texmf-dist/tex/latex/microtype/mt-ptm.cfg
File: mt-ptm.cfg 2006/04/20 v1.7 microtype config. file: Times (RS)
)
(/usr/local/texlive/2024/texmf-dist/tex/context/base/mkii/supp-pdf.mkii
[Loading MPS to PDF converter (version 2006.09.02).]
\scratchcounter=\count284
\scratchdimen=\dimen165
\scratchbox=\box56
\nofMPsegments=\count285
\nofMParguments=\count286
\everyMPshowfont=\toks26
\MPscratchCnt=\count287
\MPscratchDim=\dimen166
\MPnumerator=\count288
\makeMPintoPDFobject=\count289
\everyMPtoPDFconversion=\toks27
) (/usr/local/texlive/2024/texmf-dist/tex/latex/epstopdf-pkg/epstopdf-base.sty
Package: epstopdf-base 2020-01-24 v2.11 Base part for package epstopdf
Package epstopdf-base Info: Redefining graphics rule for `.eps' on input line 4
85.

(/usr/local/texlive/2024/texmf-dist/tex/latex/latexconfig/epstopdf-sys.cfg
File: epstopdf-sys.cfg 2010/07/13 v1.3 Configuration of (r)epstopdf for TeX Liv
e
))
\openout2 = `partials/cover.aux'.


(./partials/cover.tex
*geometry* verbose mode - [ newgeometry ] result:
* driver: pdftex
* paper: a4paper
* layout: <same size as paper>
* layoutoffset:(h,v)=(0.0pt,0.0pt)
* modes: 
* h-part:(L,W,R)=(72.26999pt, 452.9679pt, 72.26999pt)
* v-part:(T,H,B)=(72.26999pt, 700.50687pt, 72.26999pt)
* \paperwidth=597.50787pt
* \paperheight=845.04684pt
* \textwidth=452.9679pt
* \textheight=700.50687pt
* \oddsidemargin=0.0pt
* \evensidemargin=0.0pt
* \topmargin=-37.0pt
* \headheight=12.0pt
* \headsep=25.0pt
* \topskip=10.0pt
* \footskip=30.0pt
* \marginparwidth=65.0pt
* \marginparsep=11.0pt
* \columnsep=10.0pt
* \skip\footins=9.0pt plus 4.0pt minus 2.0pt
* \hoffset=0.0pt
* \voffset=0.0pt
* \mag=1000
* \@twocolumnfalse
* \@twosidefalse
* \@mparswitchfalse
* \@reversemarginfalse
* (1in=72.27pt=25.4mm, 1cm=28.453pt)

<assets/ku/symbol.png, id=237, 308.352pt x 308.352pt>
File: assets/ku/symbol.png Graphic file (type png)
<use assets/ku/symbol.png>
Package pdftex.def Info: assets/ku/symbol.png  used on input line 5.
(pdftex.def)             Requested size: 122.85876pt x 122.85869pt.
 [1




{/usr/local/texlive/2024/texmf-var/fonts/map/pdftex/updmap/pdftex.map}{/usr/loc
al/texlive/2024/texmf-dist/fonts/enc/dvips/base/8r.enc} <./assets/ku/symbol.png
>])
\openout2 = `partials/innercover.aux'.

 (./partials/innercover.tex
*geometry* verbose mode - [ newgeometry ] result:
* driver: pdftex
* paper: a4paper
* layout: <same size as paper>
* layoutoffset:(h,v)=(0.0pt,0.0pt)
* modes: 
* h-part:(L,W,R)=(72.26999pt, 452.9679pt, 72.26999pt)
* v-part:(T,H,B)=(108.405pt, 664.37186pt, 72.26999pt)
* \paperwidth=597.50787pt
* \paperheight=845.04684pt
* \textwidth=452.9679pt
* \textheight=664.37186pt
* \oddsidemargin=0.0pt
* \evensidemargin=0.0pt
* \topmargin=-0.86499pt
* \headheight=12.0pt
* \headsep=25.0pt
* \topskip=10.0pt
* \footskip=30.0pt
* \marginparwidth=65.0pt
* \marginparsep=11.0pt
* \columnsep=10.0pt
* \skip\footins=9.0pt plus 4.0pt minus 2.0pt
* \hoffset=0.0pt
* \voffset=0.0pt
* \mag=1000
* \@twocolumnfalse
* \@twosidefalse
* \@mparswitchfalse
* \@reversemarginfalse
* (1in=72.27pt=25.4mm, 1cm=28.453pt)


(/usr/local/texlive/2024/texmf-dist/tex/latex/psnfss/ot1ztmcm.fd)
(/usr/local/texlive/2024/texmf-dist/tex/latex/psnfss/omlztmcm.fd)
(/usr/local/texlive/2024/texmf-dist/tex/latex/psnfss/omsztmcm.fd)
(/usr/local/texlive/2024/texmf-dist/tex/latex/psnfss/omxztmcm.fd)
(/usr/local/texlive/2024/texmf-dist/tex/latex/psnfss/ot1ptm.fd)
Underfull \hbox (badness 10000) in alignment at lines 39--39
[][] 
 []


Overfull \hbox (15.0pt too wide) in paragraph at lines 39--40
[][] 
 []

[2





])
\openout2 = `body/abstract.aux'.

 (./body/abstract.tex) [1




]
\openout2 = `body/acknowledgement.aux'.

 (./body/acknowledgement.tex) [2



] (./document.toc [3


] [4])
\tf@toc=\write4
\openout4 = `document.toc'.

 [5] (./document.lot)
\tf@lot=\write5
\openout5 = `document.lot'.

 [6] (./document.lof)
\tf@lof=\write6
\openout6 = `document.lof'.

 [7]
\openout2 = `body/introduction.aux'.


(./body/introduction.tex
Chapter 1.

Underfull \hbox (badness 10000) in paragraph at lines 7--8

 []


Underfull \hbox (badness 10000) in paragraph at lines 9--10

 []


Underfull \hbox (badness 10000) in paragraph at lines 13--14

 []


Underfull \hbox (badness 10000) in paragraph at lines 15--16

 []


pdfTeX warning (ext4): destination with the same identifier (name{page.1}) has 
been already used, duplicate ignored
<to be read again> 
                   \relax 
l.17 T
      he controversy surrounding Generative AI isn’t just about copyright,...
[1


]
Underfull \hbox (badness 10000) in paragraph at lines 17--18

 []


Underfull \hbox (badness 10000) in paragraph at lines 19--20

 []


Underfull \hbox (badness 10000) in paragraph at lines 21--22

 []


Underfull \hbox (badness 10000) in paragraph at lines 23--24

 []


Underfull \hbox (badness 10000) in paragraph at lines 25--26

 []


Underfull \vbox (badness 10000) has occurred while \output is active []


pdfTeX warning (ext4): destination with the same identifier (name{page.2}) has 
been already used, duplicate ignored
<to be read again> 
                   \relax 
l.26 
      [2]
Underfull \hbox (badness 10000) in paragraph at lines 27--28

 []


Underfull \hbox (badness 10000) in paragraph at lines 35--36

 []

[3]
Underfull \hbox (badness 6792) in paragraph at lines 56--57
[]\T1/ptm/m/n/14.4 (+20) Video Poi-son-ing: Poi-son the video by in-ject-ing
 []

[4]
LaTeX Font Info:    Trying to load font information for TS1+ptm on input line 6
6.
 (/usr/local/texlive/2024/texmf-dist/tex/latex/psnfss/ts1ptm.fd
File: ts1ptm.fd 2001/06/04 font definitions for TS1/ptm.
) [5]
Underfull \hbox (badness 2368) in paragraph at lines 80--81
[]\T1/ptm/m/n/14.4 (+20) Its easy-to-use im-ple-men-ta-tion al-lows ev-ery-one 
to ap-ply AI
 []

[6]
<./assets/chapter_1/labels.png, id=409, 131.49126pt x 85.31876pt>
File: ./assets/chapter_1/labels.png Graphic file (type png)
<use ./assets/chapter_1/labels.png>
Package pdftex.def Info: ./assets/chapter_1/labels.png  used on input line 89.
(pdftex.def)             Requested size: 209.12683pt x 135.6991pt.
<./assets/chapter_1/timeline.png, id=410, 672.5125pt x 358.33875pt>
File: ./assets/chapter_1/timeline.png Graphic file (type png)
<use ./assets/chapter_1/timeline.png>
Package pdftex.def Info: ./assets/chapter_1/timeline.png  used on input line 95
.
(pdftex.def)             Requested size: 418.25368pt x 222.86214pt.
)
Underfull \vbox (badness 10000) has occurred while \output is active []

 [7

 <./assets/chapter_1/labels.png> <./assets/chapter_1/timeline.png>] [8]
Underfull \vbox (badness 10000) has occurred while \output is active []

 [9]
[10]
\openout2 = `body/relatedworks.aux'.

 (./body/relatedworks.tex
Chapter 2.
[11



]
<./assets/chapter_2/competitors/competitive-analysis.png, id=434, 803.0pt x 113
5.24126pt>
File: ./assets/chapter_2/competitors/competitive-analysis.png Graphic file (typ
e png)
<use ./assets/chapter_2/competitors/competitive-analysis.png>
Package pdftex.def Info: ./assets/chapter_2/competitors/competitive-analysis.pn
g  used on input line 16.
(pdftex.def)             Requested size: 209.12683pt x 295.6408pt.
 [12

 <./assets/chapter_2/competitors/competitive-analysis.png>]
<./assets/chapter_2/competitors/Anti-DreamBooth_sample.jpg, id=440, 1250.6725pt
 x 947.54pt>
File: ./assets/chapter_2/competitors/Anti-DreamBooth_sample.jpg Graphic file (t
ype jpg)
<use ./assets/chapter_2/competitors/Anti-DreamBooth_sample.jpg>
Package pdftex.def Info: ./assets/chapter_2/competitors/Anti-DreamBooth_sample.
jpg  used on input line 40.
(pdftex.def)             Requested size: 209.12683pt x 158.43379pt.
 [13

 <./assets/chapter_2/competitors/Anti-DreamBooth_sample.jpg (PNG copy)>]
<./assets/chapter_2/research/stAdv.png, id=448, 368.1253pt x 144.54pt>
File: ./assets/chapter_2/research/stAdv.png Graphic file (type png)
<use ./assets/chapter_2/research/stAdv.png>
Package pdftex.def Info: ./assets/chapter_2/research/stAdv.png  used on input l
ine 63.
(pdftex.def)             Requested size: 209.12683pt x 82.11295pt.
<./assets/chapter_2/research/stAdv_with_LPIPS.png, id=449, 255.20343pt x 114.42
75pt>
File: ./assets/chapter_2/research/stAdv_with_LPIPS.png Graphic file (type png)
<use ./assets/chapter_2/research/stAdv_with_LPIPS.png>
Package pdftex.def Info: ./assets/chapter_2/research/stAdv_with_LPIPS.png  used
 on input line 71.
(pdftex.def)             Requested size: 209.12683pt x 93.77179pt.
<./assets/chapter_2/research/stAdv_results.png, id=450, 371.13657pt x 249.93375
pt>
File: ./assets/chapter_2/research/stAdv_results.png Graphic file (type png)
<use ./assets/chapter_2/research/stAdv_results.png>
Package pdftex.def Info: ./assets/chapter_2/research/stAdv_results.png  used on
 input line 79.
(pdftex.def)             Requested size: 209.12683pt x 140.83527pt.
<./assets/chapter_2/research/stAdv_against_other.png, id=451, 371.13657pt x 274
.77657pt>
File: ./assets/chapter_2/research/stAdv_against_other.png Graphic file (type pn
g)
<use ./assets/chapter_2/research/stAdv_against_other.png>
Package pdftex.def Info: ./assets/chapter_2/research/stAdv_against_other.png  u
sed on input line 85.
(pdftex.def)             Requested size: 209.12683pt x 154.83395pt.


LaTeX Warning: `h' float specifier changed to `ht'.


LaTeX Warning: `h' float specifier changed to `ht'.

[14 <./assets/chapter_2/research/stAdv.png> <./assets/chapter_2/research/stAdv_
with_LPIPS.png>] [15 <./assets/chapter_2/research/stAdv_results.png> <./assets/
chapter_2/research/stAdv_against_other.png>]
<./assets/chapter_2/research/BTC-UAP.png, id=467, 462.97969pt x 138.5175pt>
File: ./assets/chapter_2/research/BTC-UAP.png Graphic file (type png)
<use ./assets/chapter_2/research/BTC-UAP.png>
Package pdftex.def Info: ./assets/chapter_2/research/BTC-UAP.png  used on input
 line 95.
(pdftex.def)             Requested size: 209.12683pt x 62.56902pt.
<./assets/chapter_2/research/Temporal_consistency_results.png, id=468, 235.6303
1pt x 144.54pt>
File: ./assets/chapter_2/research/Temporal_consistency_results.png Graphic file
 (type png)
<use ./assets/chapter_2/research/Temporal_consistency_results.png>
Package pdftex.def Info: ./assets/chapter_2/research/Temporal_consistency_resul
ts.png  used on input line 105.
(pdftex.def)             Requested size: 209.12683pt x 128.28288pt.
) [16

 <./assets/chapter_2/research/BTC-UAP.png> <./assets/chapter_2/research/Tempora
l_consistency_results.png>]
\openout2 = `body/requirementanalysis.aux'.


(./body/requirementanalysis.tex
\c@nuserstory=\count290
\c@nusecase=\count291

Chapter 3.
[17



] [18] [19]
<./assets/chapter_3/home.png, id=509, 748.29562pt x 543.53062pt>
File: ./assets/chapter_3/home.png Graphic file (type png)
<use ./assets/chapter_3/home.png>
Package pdftex.def Info: ./assets/chapter_3/home.png  used on input line 155.
(pdftex.def)             Requested size: 334.60422pt x 243.0439pt.


LaTeX Warning: `h' float specifier changed to `ht'.

<./assets/chapter_3/what is protractor.png, id=510, 749.04843pt x 542.77782pt>
File: ./assets/chapter_3/what is protractor.png Graphic file (type png)
<use ./assets/chapter_3/what is protractor.png>
Package pdftex.def Info: ./assets/chapter_3/what is protractor.png  used on inp
ut line 161.
(pdftex.def)             Requested size: 334.60422pt x 242.45882pt.

LaTeX Warning: `h' float specifier changed to `ht'.

<./assets/chapter_3/feedback.png, id=511, 748.29562pt x 543.53062pt>
File: ./assets/chapter_3/feedback.png Graphic file (type png)
<use ./assets/chapter_3/feedback.png>
Package pdftex.def Info: ./assets/chapter_3/feedback.png  used on input line 16
7.
(pdftex.def)             Requested size: 334.60422pt x 243.0439pt.

LaTeX Warning: `h' float specifier changed to `ht'.

<./assets/chapter_3/main process.png, id=512, 749.04843pt x 543.53062pt>
File: ./assets/chapter_3/main process.png Graphic file (type png)
<use ./assets/chapter_3/main process.png>
Package pdftex.def Info: ./assets/chapter_3/main process.png  used on input lin
e 173.
(pdftex.def)             Requested size: 334.60422pt x 242.79509pt.

LaTeX Warning: `h' float specifier changed to `ht'.

) [20] [21 <./assets/chapter_3/home.png> <./assets/chapter_3/what is protractor
.png>] [22 <./assets/chapter_3/feedback.png> <./assets/chapter_3/main process.p
ng>]
\openout2 = `body/softwarearchitecture.aux'.

 (./body/softwarearchitecture.tex
Chapter 4.
[23



]) [24]
\openout2 = `body/aicomponent.aux'.

 (./body/aicomponent.tex
Chapter 5.
! Misplaced alignment tab character &.
<argument> Business Context &
                              AI Integration
l.4 \section{Business Context & AI Integration}
                                               
? 

Package hyperref Warning: Token not allowed in a PDF string (Unicode):
(hyperref)                removing `alignment tab' on input line 4.

<./assets/chapter_5/Domain_Diagram.png, id=560, 469.755pt x 348.30125pt>
File: ./assets/chapter_5/Domain_Diagram.png Graphic file (type png)
<use ./assets/chapter_5/Domain_Diagram.png>
Package pdftex.def Info: ./assets/chapter_5/Domain_Diagram.png  used on input l
ine 10.
(pdftex.def)             Requested size: 334.60422pt x 248.0928pt.
[25



 <./assets/chapter_5/Domain_Diagram.png>] [26]
Overfull \hbox (5.28488pt too wide) in paragraph at lines 54--71
 [][] 
 []

[27]) [28]
\openout2 = `body/softwaredevelopment.aux'.

 (./body/softwaredevelopment.tex
Chapter 6.
<./assets/examples/tech-stack.png, id=593, 613.54219pt x 613.54219pt>
File: ./assets/examples/tech-stack.png Graphic file (type png)
<use ./assets/examples/tech-stack.png>
Package pdftex.def Info: ./assets/examples/tech-stack.png  used on input line 3
1.
(pdftex.def)             Requested size: 209.12683pt x 209.12585pt.

LaTeX Warning: `h' float specifier changed to `ht'.

) [29



] [30 <./assets/examples/tech-stack.png>]
\openout2 = `body/deliverable.aux'.

 (./body/deliverable.tex
Chapter 7.
) [31



]
\openout2 = `body/discussion.aux'.

 (./body/discussion.tex
Chapter 8.
) [32



] (./common/onetextpage.tex) [33



] (./document.bbl) [34

]
\openout2 = `body/appendices.aux'.


(./body/appendices.tex (./common/onetextpage.tex)
\c@nappendix=\count292
 [35


] [36

] [37

]
LaTeX Font Info:    Font shape `OT1/ptm/bx/n' in size <20.74> not available
(Font)              Font shape `OT1/ptm/b/n' tried instead on input line 19.
LaTeX Font Info:    Font shape `OT1/ptm/bx/n' in size <12> not available
(Font)              Font shape `OT1/ptm/b/n' tried instead on input line 19.
) [38

]
(./document.aux (./partials/cover.aux) (./partials/innercover.aux)
(./body/abstract.aux) (./body/acknowledgement.aux) (./body/introduction.aux)
(./body/relatedworks.aux) (./body/requirementanalysis.aux)
(./body/softwarearchitecture.aux) (./body/aicomponent.aux)
(./body/softwaredevelopment.aux) (./body/deliverable.aux)
(./body/discussion.aux) (./body/appendices.aux))
 ***********
LaTeX2e <2023-11-01> patch level 1
L3 programming layer <2024-02-20>
 ***********


LaTeX Warning: Label(s) may have changed. Rerun to get cross-references right.


Package rerunfilecheck Warning: File `document.out' has changed.
(rerunfilecheck)                Rerun to get outlines right
(rerunfilecheck)                or use package `bookmark'.

Package rerunfilecheck Info: Checksums for `document.out':
(rerunfilecheck)             Before: FEE5742E55104C90B1DD87FDA242EF61;10156
(rerunfilecheck)             After:  7AB159364D21A50B8441ED253CCDC928;10511.
 ) 
Here is how much of TeX's memory you used:
 14759 strings out of 474116
 254225 string characters out of 5743682
 1939187 words of memory out of 5000000
 36331 multiletter control sequences out of 15000+600000
 631301 words of font info for 298 fonts, out of 8000000 for 9000
 1141 hyphenation exceptions out of 8191
 75i,12n,79p,1005b,622s stack positions out of 10000i,1000n,20000p,200000b,200000s

pdfTeX warning (dest): name{subsection.5.2.3} has been referenced but does not 
exist, replaced by a fixed one


pdfTeX warning (dest): name{subsection.5.2.2} has been referenced but does not 
exist, replaced by a fixed one


pdfTeX warning (dest): name{subsection.5.2.1} has been referenced but does not 
exist, replaced by a fixed one


pdfTeX warning (dest): name{subsection.5.1.2} has been referenced but does not 
exist, replaced by a fixed one


pdfTeX warning (dest): name{subsection.5.1.1} has been referenced but does not 
exist, replaced by a fixed one

</usr/local/texlive/2024/texmf-dist/fonts/type1/urw/symbol/usyr.pfb></usr/local
/texlive/2024/texmf-dist/fonts/type1/urw/times/utmb8a.pfb></usr/local/texlive/2
024/texmf-dist/fonts/type1/urw/times/utmbi8a.pfb></usr/local/texlive/2024/texmf
-dist/fonts/type1/urw/times/utmr8a.pfb>
Output written on document.pdf (47 pages, 4374868 bytes).
PDF statistics:
 708 PDF objects out of 1000 (max. 8388607)
 611 compressed objects within 7 object streams
 190 named destinations out of 1000 (max. 500000)
 87078 words of extra memory for PDF output out of 89155 (max. 10000000)

